<?xml version="1.0" encoding="UTF-8"?>
<testsuite name="springbootpart2.restAPITest" tests="2" skipped="0" failures="0" errors="0" timestamp="2020-04-22T02:23:59" hostname="ngwako-Inspiron-15-3567" time="5.667">
  <properties/>
  <testcase name="AuthenRequest()" classname="springbootpart2.restAPITest" time="0.65"/>
  <testcase name="getUser()" classname="springbootpart2.restAPITest" time="5.015"/>
  <system-out><![CDATA[04:23:55.821 [Test worker] DEBUG org.springframework.test.context.BootstrapUtils - Instantiating CacheAwareContextLoaderDelegate from class [org.springframework.test.context.cache.DefaultCacheAwareContextLoaderDelegate]
04:23:55.835 [Test worker] DEBUG org.springframework.test.context.BootstrapUtils - Instantiating BootstrapContext using constructor [public org.springframework.test.context.support.DefaultBootstrapContext(java.lang.Class,org.springframework.test.context.CacheAwareContextLoaderDelegate)]
04:23:55.870 [Test worker] DEBUG org.springframework.test.context.BootstrapUtils - Instantiating TestContextBootstrapper for test class [springbootpart2.restAPITest] from class [org.springframework.boot.test.context.SpringBootTestContextBootstrapper]
04:23:55.886 [Test worker] INFO org.springframework.boot.test.context.SpringBootTestContextBootstrapper - Neither @ContextConfiguration nor @ContextHierarchy found for test class [springbootpart2.restAPITest], using SpringBootContextLoader
04:23:55.891 [Test worker] DEBUG org.springframework.test.context.support.AbstractContextLoader - Did not detect default resource location for test class [springbootpart2.restAPITest]: class path resource [springbootpart2/restAPITest-context.xml] does not exist
04:23:55.892 [Test worker] DEBUG org.springframework.test.context.support.AbstractContextLoader - Did not detect default resource location for test class [springbootpart2.restAPITest]: class path resource [springbootpart2/restAPITestContext.groovy] does not exist
04:23:55.893 [Test worker] INFO org.springframework.test.context.support.AbstractContextLoader - Could not detect default resource locations for test class [springbootpart2.restAPITest]: no resource found for suffixes {-context.xml, Context.groovy}.
04:23:55.895 [Test worker] INFO org.springframework.test.context.support.AnnotationConfigContextLoaderUtils - Could not detect default configuration classes for test class [springbootpart2.restAPITest]: restAPITest does not declare any static, non-private, non-final, nested classes annotated with @Configuration.
04:23:55.946 [Test worker] DEBUG org.springframework.test.context.support.ActiveProfilesUtils - Could not find an 'annotation declaring class' for annotation type [org.springframework.test.context.ActiveProfiles] and class [springbootpart2.restAPITest]
04:23:56.024 [Test worker] DEBUG org.springframework.context.annotation.ClassPathScanningCandidateComponentProvider - Identified candidate component class: file [/home/ngwako/SPRING-BOOT-Part2/build/classes/java/main/springbootpart2/MyApplication.class]
04:23:56.039 [Test worker] INFO org.springframework.boot.test.context.SpringBootTestContextBootstrapper - Found @SpringBootConfiguration springbootpart2.MyApplication for test class springbootpart2.restAPITest
04:23:56.142 [Test worker] DEBUG org.springframework.boot.test.context.SpringBootTestContextBootstrapper - @TestExecutionListeners is not present for class [springbootpart2.restAPITest]: using defaults.
04:23:56.143 [Test worker] INFO org.springframework.boot.test.context.SpringBootTestContextBootstrapper - Loaded default TestExecutionListener class names from location [META-INF/spring.factories]: [org.springframework.boot.test.autoconfigure.restdocs.RestDocsTestExecutionListener, org.springframework.boot.test.autoconfigure.web.client.MockRestServiceServerResetTestExecutionListener, org.springframework.boot.test.autoconfigure.web.servlet.MockMvcPrintOnlyOnFailureTestExecutionListener, org.springframework.boot.test.autoconfigure.web.servlet.WebDriverTestExecutionListener, org.springframework.boot.test.mock.mockito.MockitoTestExecutionListener, org.springframework.boot.test.mock.mockito.ResetMocksTestExecutionListener, org.springframework.test.context.web.ServletTestExecutionListener, org.springframework.test.context.support.DirtiesContextBeforeModesTestExecutionListener, org.springframework.test.context.support.DependencyInjectionTestExecutionListener, org.springframework.test.context.support.DirtiesContextTestExecutionListener, org.springframework.test.context.transaction.TransactionalTestExecutionListener, org.springframework.test.context.jdbc.SqlScriptsTestExecutionListener, org.springframework.test.context.event.EventPublishingTestExecutionListener]
04:23:56.154 [Test worker] DEBUG org.springframework.boot.test.context.SpringBootTestContextBootstrapper - Skipping candidate TestExecutionListener [org.springframework.test.context.transaction.TransactionalTestExecutionListener] due to a missing dependency. Specify custom listener classes or make the default listener classes and their required dependencies available. Offending class: [org/springframework/transaction/interceptor/TransactionAttributeSource]
04:23:56.155 [Test worker] DEBUG org.springframework.boot.test.context.SpringBootTestContextBootstrapper - Skipping candidate TestExecutionListener [org.springframework.test.context.jdbc.SqlScriptsTestExecutionListener] due to a missing dependency. Specify custom listener classes or make the default listener classes and their required dependencies available. Offending class: [org/springframework/transaction/interceptor/TransactionAttribute]
04:23:56.155 [Test worker] INFO org.springframework.boot.test.context.SpringBootTestContextBootstrapper - Using TestExecutionListeners: [org.springframework.test.context.web.ServletTestExecutionListener@4f1da1b9, org.springframework.test.context.support.DirtiesContextBeforeModesTestExecutionListener@13de4043, org.springframework.boot.test.mock.mockito.MockitoTestExecutionListener@5eeef8f, org.springframework.boot.test.autoconfigure.SpringBootDependencyInjectionTestExecutionListener@567b8f37, org.springframework.test.context.support.DirtiesContextTestExecutionListener@7449fc28, org.springframework.test.context.event.EventPublishingTestExecutionListener@157476ba, org.springframework.boot.test.autoconfigure.restdocs.RestDocsTestExecutionListener@6714610c, org.springframework.boot.test.autoconfigure.web.client.MockRestServiceServerResetTestExecutionListener@6d9c58ee, org.springframework.boot.test.autoconfigure.web.servlet.MockMvcPrintOnlyOnFailureTestExecutionListener@560f51c9, org.springframework.boot.test.autoconfigure.web.servlet.WebDriverTestExecutionListener@60f82c14, org.springframework.boot.test.mock.mockito.ResetMocksTestExecutionListener@24202d06]
04:23:56.160 [Test worker] DEBUG org.springframework.test.context.support.AbstractDirtiesContextTestExecutionListener - Before test class: context [DefaultTestContext@52ba0712 testClass = restAPITest, testInstance = [null], testMethod = [null], testException = [null], mergedContextConfiguration = [WebMergedContextConfiguration@32d68343 testClass = restAPITest, locations = '{}', classes = '{class springbootpart2.MyApplication}', contextInitializerClasses = '[]', activeProfiles = '{}', propertySourceLocations = '{}', propertySourceProperties = '{org.springframework.boot.test.context.SpringBootTestContextBootstrapper=true, server.port=0}', contextCustomizers = set[org.springframework.boot.test.autoconfigure.properties.PropertyMappingContextCustomizer@0, org.springframework.boot.test.autoconfigure.web.servlet.WebDriverContextCustomizerFactory$Customizer@32e26ed4, org.springframework.boot.test.context.filter.ExcludeFilterContextCustomizer@69336feb, org.springframework.boot.test.json.DuplicateJsonObjectContextCustomizerFactory$DuplicateJsonObjectContextCustomizer@173efd64, org.springframework.boot.test.mock.mockito.MockitoContextCustomizer@0, org.springframework.boot.test.web.client.TestRestTemplateContextCustomizer@2ff1ee8e], resourceBasePath = 'src/main/webapp', contextLoader = 'org.springframework.boot.test.context.SpringBootContextLoader', parent = [null]], attributes = map['org.springframework.test.context.web.ServletTestExecutionListener.activateListener' -> false]], class annotated with @DirtiesContext [false] with mode [null].
04:23:56.170 [Test worker] DEBUG org.springframework.test.context.support.DependencyInjectionTestExecutionListener - Performing dependency injection for test context [[DefaultTestContext@52ba0712 testClass = restAPITest, testInstance = springbootpart2.restAPITest@151c53d0, testMethod = [null], testException = [null], mergedContextConfiguration = [WebMergedContextConfiguration@32d68343 testClass = restAPITest, locations = '{}', classes = '{class springbootpart2.MyApplication}', contextInitializerClasses = '[]', activeProfiles = '{}', propertySourceLocations = '{}', propertySourceProperties = '{org.springframework.boot.test.context.SpringBootTestContextBootstrapper=true, server.port=0}', contextCustomizers = set[org.springframework.boot.test.autoconfigure.properties.PropertyMappingContextCustomizer@0, org.springframework.boot.test.autoconfigure.web.servlet.WebDriverContextCustomizerFactory$Customizer@32e26ed4, org.springframework.boot.test.context.filter.ExcludeFilterContextCustomizer@69336feb, org.springframework.boot.test.json.DuplicateJsonObjectContextCustomizerFactory$DuplicateJsonObjectContextCustomizer@173efd64, org.springframework.boot.test.mock.mockito.MockitoContextCustomizer@0, org.springframework.boot.test.web.client.TestRestTemplateContextCustomizer@2ff1ee8e], resourceBasePath = 'src/main/webapp', contextLoader = 'org.springframework.boot.test.context.SpringBootContextLoader', parent = [null]], attributes = map['org.springframework.test.context.web.ServletTestExecutionListener.activateListener' -> false]]].
04:23:56.188 [Test worker] DEBUG org.springframework.test.context.support.TestPropertySourceUtils - Adding inlined properties to environment: {spring.jmx.enabled=false, org.springframework.boot.test.context.SpringBootTestContextBootstrapper=true, server.port=0}

  .   ____          _            __ _ _
 /\\ / ___'_ __ _ _(_)_ __  __ _ \ \ \ \
( ( )\___ | '_ | '_| | '_ \/ _` | \ \ \ \
 \\/  ___)| |_)| | | | | || (_| |  ) ) ) )
  '  |____| .__|_| |_|_| |_\__, | / / / /
 =========|_|==============|___/=/_/_/_/
 :: Spring Boot ::        (v2.2.6.RELEASE)

2020-04-22 04:23:56.540  INFO 7906 --- [    Test worker] springbootpart2.restAPITest              : Starting restAPITest on ngwako-Inspiron-15-3567 with PID 7906 (started by ngwako in /home/ngwako/SPRING-BOOT-Part2)
2020-04-22 04:23:56.550  INFO 7906 --- [    Test worker] springbootpart2.restAPITest              : No active profile set, falling back to default profiles: default
2020-04-22 04:23:58.039  INFO 7906 --- [    Test worker] o.s.b.w.embedded.tomcat.TomcatWebServer  : Tomcat initialized with port(s): 0 (http)
2020-04-22 04:23:58.053  INFO 7906 --- [    Test worker] o.apache.catalina.core.StandardService   : Starting service [Tomcat]
2020-04-22 04:23:58.054  INFO 7906 --- [    Test worker] org.apache.catalina.core.StandardEngine  : Starting Servlet engine: [Apache Tomcat/9.0.33]
2020-04-22 04:23:58.157  INFO 7906 --- [    Test worker] o.a.c.c.C.[Tomcat].[localhost].[/]       : Initializing Spring embedded WebApplicationContext
2020-04-22 04:23:58.157  INFO 7906 --- [    Test worker] o.s.web.context.ContextLoader            : Root WebApplicationContext: initialization completed in 1562 ms
2020-04-22 04:23:58.627  INFO 7906 --- [    Test worker] o.s.s.concurrent.ThreadPoolTaskExecutor  : Initializing ExecutorService 'applicationTaskExecutor'
2020-04-22 04:23:59.155  INFO 7906 --- [    Test worker] o.s.s.web.DefaultSecurityFilterChain     : Creating filter chain: any request, [org.springframework.security.web.context.request.async.WebAsyncManagerIntegrationFilter@5fdb509b, org.springframework.security.web.context.SecurityContextPersistenceFilter@1156a417, org.springframework.security.web.header.HeaderWriterFilter@224c9296, org.springframework.security.web.csrf.CsrfFilter@26bf30f2, org.springframework.security.web.authentication.logout.LogoutFilter@5184f252, org.springframework.security.web.authentication.www.BasicAuthenticationFilter@246c7aa1, org.springframework.security.web.savedrequest.RequestCacheAwareFilter@71f9aa06, org.springframework.security.web.servletapi.SecurityContextHolderAwareRequestFilter@15ae5356, org.springframework.security.web.authentication.AnonymousAuthenticationFilter@30a92922, org.springframework.security.web.session.SessionManagementFilter@c14c5e2, org.springframework.security.web.access.ExceptionTranslationFilter@2f12decc, org.springframework.security.web.access.intercept.FilterSecurityInterceptor@7e81a03c]
2020-04-22 04:23:59.242  INFO 7906 --- [    Test worker] o.s.b.w.embedded.tomcat.TomcatWebServer  : Tomcat started on port(s): 42199 (http) with context path ''
2020-04-22 04:23:59.246  INFO 7906 --- [    Test worker] springbootpart2.restAPITest              : Started restAPITest in 3.054 seconds (JVM running for 4.377)
2020-04-22 04:23:59.611  INFO 7906 --- [o-auto-1-exec-1] o.a.c.c.C.[Tomcat].[localhost].[/]       : Initializing Spring DispatcherServlet 'dispatcherServlet'
2020-04-22 04:23:59.612  INFO 7906 --- [o-auto-1-exec-1] o.s.web.servlet.DispatcherServlet        : Initializing Servlet 'dispatcherServlet'
2020-04-22 04:23:59.626  INFO 7906 --- [o-auto-1-exec-1] o.s.web.servlet.DispatcherServlet        : Completed initialization in 14 ms
Going to sleep for 5 Secs.. to simulate backend call.
Hello Gift
Hello Gift
Hello Gift
Hello Gift
]]></system-out>
  <system-err><![CDATA[]]></system-err>
</testsuite>
